2024-01-19 14:35:33,337 INFO scheduler Scheduled Job Complete: erpnext.manufacturing.doctype.bom_update_log.bom_update_log.resume_bom_cost_update_jobs for mygym.com
2024-01-19 14:36:33,389 INFO scheduler Scheduled Job Start: erpnext.crm.doctype.social_media_post.social_media_post.process_scheduled_social_media_posts for mygym.com
2024-01-19 14:36:33,526 INFO scheduler Scheduled Job Complete: erpnext.crm.doctype.social_media_post.social_media_post.process_scheduled_social_media_posts for mygym.com
2024-01-19 14:36:33,589 INFO scheduler Scheduled Job Start: erpnext.hr.doctype.interview.interview.send_interview_reminder for mygym.com
2024-01-19 14:36:33,711 INFO scheduler Scheduled Job Complete: erpnext.hr.doctype.interview.interview.send_interview_reminder for mygym.com
2024-01-19 14:36:33,769 INFO scheduler Scheduled Job Start: erpnext.healthcare.doctype.patient_appointment.patient_appointment.send_appointment_reminder for mygym.com
2024-01-19 14:36:33,888 INFO scheduler Scheduled Job Complete: erpnext.healthcare.doctype.patient_appointment.patient_appointment.send_appointment_reminder for mygym.com
2024-01-19 14:36:33,943 INFO scheduler Scheduled Job Start: erpnext.projects.doctype.project.project.project_status_update_reminder for mygym.com
2024-01-19 14:36:34,107 INFO scheduler Scheduled Job Complete: erpnext.projects.doctype.project.project.project_status_update_reminder for mygym.com
2024-01-19 14:36:34,166 INFO scheduler Scheduled Job Start: frappe.monitor.flush for mygym.com
2024-01-19 14:36:34,258 INFO scheduler Scheduled Job Complete: frappe.monitor.flush for mygym.com
2024-01-19 14:36:34,314 INFO scheduler Scheduled Job Start: frappe.utils.global_search.sync_global_search for mygym.com
2024-01-19 14:36:34,404 INFO scheduler Scheduled Job Complete: frappe.utils.global_search.sync_global_search for mygym.com
2024-01-19 14:36:34,465 INFO scheduler Scheduled Job Start: frappe.integrations.doctype.razorpay_settings.razorpay_settings.capture_payment for mygym.com
2024-01-19 14:36:34,606 INFO scheduler Scheduled Job Complete: frappe.integrations.doctype.razorpay_settings.razorpay_settings.capture_payment for mygym.com
2024-01-19 14:36:34,661 INFO scheduler Scheduled Job Start: frappe.email.doctype.email_account.email_account.notify_unreplied for mygym.com
2024-01-19 14:36:34,808 INFO scheduler Scheduled Job Complete: frappe.email.doctype.email_account.email_account.notify_unreplied for mygym.com
2024-01-19 14:36:34,862 INFO scheduler Scheduled Job Start: frappe.email.doctype.email_account.email_account.pull for mygym.com
2024-01-19 14:36:35,016 INFO scheduler Scheduled Job Complete: frappe.email.doctype.email_account.email_account.pull for mygym.com
2024-01-19 14:36:38,630 INFO scheduler Scheduled Job Start: frappe.email.queue.flush for mygym.com
2024-01-19 14:36:38,740 INFO scheduler Scheduled Job Complete: frappe.email.queue.flush for mygym.com
2024-01-19 14:40:34,347 INFO scheduler Scheduled Job Start: erpnext.crm.doctype.social_media_post.social_media_post.process_scheduled_social_media_posts for mygym.com
2024-01-19 14:40:34,488 INFO scheduler Scheduled Job Complete: erpnext.crm.doctype.social_media_post.social_media_post.process_scheduled_social_media_posts for mygym.com
2024-01-19 14:40:34,549 INFO scheduler Scheduled Job Start: erpnext.hr.doctype.interview.interview.send_interview_reminder for mygym.com
2024-01-19 14:40:34,672 INFO scheduler Scheduled Job Complete: erpnext.hr.doctype.interview.interview.send_interview_reminder for mygym.com
2024-01-19 14:40:34,727 INFO scheduler Scheduled Job Start: erpnext.healthcare.doctype.patient_appointment.patient_appointment.send_appointment_reminder for mygym.com
2024-01-19 14:40:34,832 INFO scheduler Scheduled Job Complete: erpnext.healthcare.doctype.patient_appointment.patient_appointment.send_appointment_reminder for mygym.com
2024-01-19 14:40:34,894 INFO scheduler Scheduled Job Start: erpnext.projects.doctype.project.project.project_status_update_reminder for mygym.com
2024-01-19 14:40:35,056 INFO scheduler Scheduled Job Complete: erpnext.projects.doctype.project.project.project_status_update_reminder for mygym.com
2024-01-19 14:40:35,128 INFO scheduler Scheduled Job Start: erpnext.manufacturing.doctype.bom_update_log.bom_update_log.resume_bom_cost_update_jobs for mygym.com
2024-01-19 14:40:35,291 INFO scheduler Scheduled Job Complete: erpnext.manufacturing.doctype.bom_update_log.bom_update_log.resume_bom_cost_update_jobs for mygym.com
2024-01-19 14:40:35,353 INFO scheduler Scheduled Job Start: frappe.monitor.flush for mygym.com
2024-01-19 14:40:35,470 INFO scheduler Scheduled Job Complete: frappe.monitor.flush for mygym.com
2024-01-19 14:40:35,524 INFO scheduler Scheduled Job Start: frappe.utils.global_search.sync_global_search for mygym.com
2024-01-19 14:40:35,623 INFO scheduler Scheduled Job Complete: frappe.utils.global_search.sync_global_search for mygym.com
2024-01-19 14:40:35,678 INFO scheduler Scheduled Job Start: frappe.integrations.doctype.razorpay_settings.razorpay_settings.capture_payment for mygym.com
2024-01-19 14:40:35,823 INFO scheduler Scheduled Job Complete: frappe.integrations.doctype.razorpay_settings.razorpay_settings.capture_payment for mygym.com
2024-01-19 14:40:35,877 INFO scheduler Scheduled Job Start: frappe.email.doctype.email_account.email_account.notify_unreplied for mygym.com
2024-01-19 14:40:36,034 INFO scheduler Scheduled Job Complete: frappe.email.doctype.email_account.email_account.notify_unreplied for mygym.com
2024-01-19 14:40:36,088 INFO scheduler Scheduled Job Start: frappe.email.doctype.email_account.email_account.pull for mygym.com
2024-01-19 14:40:36,245 INFO scheduler Scheduled Job Complete: frappe.email.doctype.email_account.email_account.pull for mygym.com
2024-01-19 14:40:40,272 INFO scheduler Scheduled Job Start: frappe.email.queue.flush for mygym.com
2024-01-19 14:40:40,497 INFO scheduler Scheduled Job Complete: frappe.email.queue.flush for mygym.com
2024-01-19 14:44:35,212 INFO scheduler Scheduled Job Start: erpnext.crm.doctype.social_media_post.social_media_post.process_scheduled_social_media_posts for mygym.com
2024-01-19 14:44:35,343 INFO scheduler Scheduled Job Complete: erpnext.crm.doctype.social_media_post.social_media_post.process_scheduled_social_media_posts for mygym.com
2024-01-19 14:44:35,398 INFO scheduler Scheduled Job Start: erpnext.hr.doctype.interview.interview.send_interview_reminder for mygym.com
2024-01-19 14:44:35,531 INFO scheduler Scheduled Job Complete: erpnext.hr.doctype.interview.interview.send_interview_reminder for mygym.com
2024-01-19 14:44:35,584 INFO scheduler Scheduled Job Start: erpnext.healthcare.doctype.patient_appointment.patient_appointment.send_appointment_reminder for mygym.com
2024-01-19 14:44:35,684 INFO scheduler Scheduled Job Complete: erpnext.healthcare.doctype.patient_appointment.patient_appointment.send_appointment_reminder for mygym.com
2024-01-19 14:44:35,737 INFO scheduler Scheduled Job Start: erpnext.projects.doctype.project.project.project_status_update_reminder for mygym.com
2024-01-19 14:44:35,887 INFO scheduler Scheduled Job Complete: erpnext.projects.doctype.project.project.project_status_update_reminder for mygym.com
2024-01-19 14:44:35,941 INFO scheduler Scheduled Job Start: frappe.monitor.flush for mygym.com
2024-01-19 14:44:36,028 INFO scheduler Scheduled Job Complete: frappe.monitor.flush for mygym.com
2024-01-19 14:44:36,094 INFO scheduler Scheduled Job Start: frappe.utils.global_search.sync_global_search for mygym.com
2024-01-19 14:44:36,181 INFO scheduler Scheduled Job Complete: frappe.utils.global_search.sync_global_search for mygym.com
2024-01-19 14:44:36,234 INFO scheduler Scheduled Job Start: frappe.integrations.doctype.razorpay_settings.razorpay_settings.capture_payment for mygym.com
2024-01-19 14:44:36,366 INFO scheduler Scheduled Job Complete: frappe.integrations.doctype.razorpay_settings.razorpay_settings.capture_payment for mygym.com
2024-01-19 14:44:36,420 INFO scheduler Scheduled Job Start: frappe.email.doctype.email_account.email_account.notify_unreplied for mygym.com
2024-01-19 14:44:36,562 INFO scheduler Scheduled Job Complete: frappe.email.doctype.email_account.email_account.notify_unreplied for mygym.com
2024-01-19 14:44:36,616 INFO scheduler Scheduled Job Start: frappe.email.doctype.email_account.email_account.pull for mygym.com
2024-01-19 14:44:36,755 INFO scheduler Scheduled Job Complete: frappe.email.doctype.email_account.email_account.pull for mygym.com
2024-01-19 14:44:40,840 INFO scheduler Scheduled Job Start: frappe.email.queue.flush for mygym.com
2024-01-19 14:44:40,946 INFO scheduler Scheduled Job Complete: frappe.email.queue.flush for mygym.com
2024-01-19 14:45:35,431 INFO scheduler Scheduled Job Start: erpnext.manufacturing.doctype.bom_update_log.bom_update_log.resume_bom_cost_update_jobs for mygym.com
2024-01-19 14:45:35,587 INFO scheduler Scheduled Job Complete: erpnext.manufacturing.doctype.bom_update_log.bom_update_log.resume_bom_cost_update_jobs for mygym.com
2024-01-19 14:45:35,644 INFO scheduler Scheduled Job Start: frappe.twofactor.delete_all_barcodes_for_users for mygym.com
2024-01-19 14:45:35,830 INFO scheduler Scheduled Job Complete: frappe.twofactor.delete_all_barcodes_for_users for mygym.com
2024-01-19 14:45:35,886 INFO scheduler Scheduled Job Start: frappe.website.doctype.web_page.web_page.check_publish_status for mygym.com
2024-01-19 14:45:36,082 INFO scheduler Scheduled Job Complete: frappe.website.doctype.web_page.web_page.check_publish_status for mygym.com
2024-01-19 14:45:36,140 INFO scheduler Scheduled Job Start: frappe.oauth.delete_oauth2_data for mygym.com
2024-01-19 14:45:36,306 INFO scheduler Scheduled Job Complete: frappe.oauth.delete_oauth2_data for mygym.com
2024-01-19 14:48:36,043 INFO scheduler Scheduled Job Start: erpnext.crm.doctype.social_media_post.social_media_post.process_scheduled_social_media_posts for mygym.com
2024-01-19 14:48:36,173 INFO scheduler Scheduled Job Complete: erpnext.crm.doctype.social_media_post.social_media_post.process_scheduled_social_media_posts for mygym.com
2024-01-19 14:48:36,226 INFO scheduler Scheduled Job Start: erpnext.hr.doctype.interview.interview.send_interview_reminder for mygym.com
2024-01-19 14:48:36,344 INFO scheduler Scheduled Job Complete: erpnext.hr.doctype.interview.interview.send_interview_reminder for mygym.com
2024-01-19 14:48:36,397 INFO scheduler Scheduled Job Start: erpnext.healthcare.doctype.patient_appointment.patient_appointment.send_appointment_reminder for mygym.com
2024-01-19 14:48:36,496 INFO scheduler Scheduled Job Complete: erpnext.healthcare.doctype.patient_appointment.patient_appointment.send_appointment_reminder for mygym.com
2024-01-19 14:48:36,550 INFO scheduler Scheduled Job Start: erpnext.projects.doctype.project.project.project_status_update_reminder for mygym.com
2024-01-19 14:48:36,710 INFO scheduler Scheduled Job Complete: erpnext.projects.doctype.project.project.project_status_update_reminder for mygym.com
2024-01-19 14:48:36,765 INFO scheduler Scheduled Job Start: frappe.monitor.flush for mygym.com
2024-01-19 14:48:36,852 INFO scheduler Scheduled Job Complete: frappe.monitor.flush for mygym.com
2024-01-19 14:48:36,906 INFO scheduler Scheduled Job Start: frappe.utils.global_search.sync_global_search for mygym.com
2024-01-19 14:48:36,992 INFO scheduler Scheduled Job Complete: frappe.utils.global_search.sync_global_search for mygym.com
2024-01-19 14:48:37,046 INFO scheduler Scheduled Job Start: frappe.integrations.doctype.razorpay_settings.razorpay_settings.capture_payment for mygym.com
2024-01-19 14:48:37,180 INFO scheduler Scheduled Job Complete: frappe.integrations.doctype.razorpay_settings.razorpay_settings.capture_payment for mygym.com
2024-01-19 14:48:37,234 INFO scheduler Scheduled Job Start: frappe.email.doctype.email_account.email_account.notify_unreplied for mygym.com
2024-01-19 14:48:37,376 INFO scheduler Scheduled Job Complete: frappe.email.doctype.email_account.email_account.notify_unreplied for mygym.com
2024-01-19 14:48:37,429 INFO scheduler Scheduled Job Start: frappe.email.doctype.email_account.email_account.pull for mygym.com
2024-01-19 14:48:37,565 INFO scheduler Scheduled Job Complete: frappe.email.doctype.email_account.email_account.pull for mygym.com
2024-01-19 14:48:41,601 INFO scheduler Scheduled Job Start: frappe.email.queue.flush for mygym.com
2024-01-19 14:48:41,708 INFO scheduler Scheduled Job Complete: frappe.email.queue.flush for mygym.com
2024-01-19 14:50:36,397 INFO scheduler Scheduled Job Start: erpnext.manufacturing.doctype.bom_update_log.bom_update_log.resume_bom_cost_update_jobs for mygym.com
2024-01-19 14:50:36,552 INFO scheduler Scheduled Job Complete: erpnext.manufacturing.doctype.bom_update_log.bom_update_log.resume_bom_cost_update_jobs for mygym.com
2024-01-19 14:52:36,792 INFO scheduler Scheduled Job Start: erpnext.crm.doctype.social_media_post.social_media_post.process_scheduled_social_media_posts for mygym.com
2024-01-19 14:52:36,922 INFO scheduler Scheduled Job Complete: erpnext.crm.doctype.social_media_post.social_media_post.process_scheduled_social_media_posts for mygym.com
2024-01-19 14:52:36,977 INFO scheduler Scheduled Job Start: erpnext.hr.doctype.interview.interview.send_interview_reminder for mygym.com
2024-01-19 14:52:37,093 INFO scheduler Scheduled Job Complete: erpnext.hr.doctype.interview.interview.send_interview_reminder for mygym.com
2024-01-19 14:52:37,152 INFO scheduler Scheduled Job Start: erpnext.healthcare.doctype.patient_appointment.patient_appointment.send_appointment_reminder for mygym.com
2024-01-19 14:52:37,268 INFO scheduler Scheduled Job Complete: erpnext.healthcare.doctype.patient_appointment.patient_appointment.send_appointment_reminder for mygym.com
2024-01-19 14:52:37,324 INFO scheduler Scheduled Job Start: erpnext.projects.doctype.project.project.project_status_update_reminder for mygym.com
2024-01-19 14:52:37,488 INFO scheduler Scheduled Job Complete: erpnext.projects.doctype.project.project.project_status_update_reminder for mygym.com
2024-01-19 14:52:37,542 INFO scheduler Scheduled Job Start: frappe.monitor.flush for mygym.com
2024-01-19 14:52:37,629 INFO scheduler Scheduled Job Complete: frappe.monitor.flush for mygym.com
2024-01-19 14:52:37,683 INFO scheduler Scheduled Job Start: frappe.utils.global_search.sync_global_search for mygym.com
2024-01-19 14:52:37,768 INFO scheduler Scheduled Job Complete: frappe.utils.global_search.sync_global_search for mygym.com
2024-01-19 14:52:37,822 INFO scheduler Scheduled Job Start: frappe.integrations.doctype.razorpay_settings.razorpay_settings.capture_payment for mygym.com
2024-01-19 14:52:37,956 INFO scheduler Scheduled Job Complete: frappe.integrations.doctype.razorpay_settings.razorpay_settings.capture_payment for mygym.com
2024-01-19 14:52:38,009 INFO scheduler Scheduled Job Start: frappe.email.doctype.email_account.email_account.notify_unreplied for mygym.com
2024-01-19 14:52:38,150 INFO scheduler Scheduled Job Complete: frappe.email.doctype.email_account.email_account.notify_unreplied for mygym.com
2024-01-19 14:52:38,205 INFO scheduler Scheduled Job Start: frappe.email.doctype.email_account.email_account.pull for mygym.com
2024-01-19 14:52:38,343 INFO scheduler Scheduled Job Complete: frappe.email.doctype.email_account.email_account.pull for mygym.com
2024-01-19 14:52:42,213 INFO scheduler Scheduled Job Start: frappe.email.queue.flush for mygym.com
2024-01-19 14:52:42,310 INFO scheduler Scheduled Job Complete: frappe.email.queue.flush for mygym.com
2024-01-19 14:55:37,388 INFO scheduler Scheduled Job Start: erpnext.manufacturing.doctype.bom_update_log.bom_update_log.resume_bom_cost_update_jobs for mygym.com
2024-01-19 14:55:37,539 INFO scheduler Scheduled Job Complete: erpnext.manufacturing.doctype.bom_update_log.bom_update_log.resume_bom_cost_update_jobs for mygym.com
2024-01-19 14:56:37,606 INFO scheduler Scheduled Job Start: erpnext.crm.doctype.social_media_post.social_media_post.process_scheduled_social_media_posts for mygym.com
2024-01-19 14:56:37,752 INFO scheduler Scheduled Job Complete: erpnext.crm.doctype.social_media_post.social_media_post.process_scheduled_social_media_posts for mygym.com
2024-01-19 14:56:37,806 INFO scheduler Scheduled Job Start: erpnext.hr.doctype.interview.interview.send_interview_reminder for mygym.com
2024-01-19 14:56:37,922 INFO scheduler Scheduled Job Complete: erpnext.hr.doctype.interview.interview.send_interview_reminder for mygym.com
2024-01-19 14:56:37,975 INFO scheduler Scheduled Job Start: erpnext.healthcare.doctype.patient_appointment.patient_appointment.send_appointment_reminder for mygym.com
2024-01-19 14:56:38,089 INFO scheduler Scheduled Job Complete: erpnext.healthcare.doctype.patient_appointment.patient_appointment.send_appointment_reminder for mygym.com
2024-01-19 14:56:38,146 INFO scheduler Scheduled Job Start: erpnext.projects.doctype.project.project.project_status_update_reminder for mygym.com
2024-01-19 14:56:38,312 INFO scheduler Scheduled Job Complete: erpnext.projects.doctype.project.project.project_status_update_reminder for mygym.com
2024-01-19 14:56:38,366 INFO scheduler Scheduled Job Start: frappe.monitor.flush for mygym.com
2024-01-19 14:56:38,454 INFO scheduler Scheduled Job Complete: frappe.monitor.flush for mygym.com
2024-01-19 14:56:38,521 INFO scheduler Scheduled Job Start: frappe.utils.global_search.sync_global_search for mygym.com
2024-01-19 14:56:38,610 INFO scheduler Scheduled Job Complete: frappe.utils.global_search.sync_global_search for mygym.com
2024-01-19 14:56:38,664 INFO scheduler Scheduled Job Start: frappe.integrations.doctype.razorpay_settings.razorpay_settings.capture_payment for mygym.com
2024-01-19 14:56:38,813 INFO scheduler Scheduled Job Complete: frappe.integrations.doctype.razorpay_settings.razorpay_settings.capture_payment for mygym.com
2024-01-19 14:56:38,871 INFO scheduler Scheduled Job Start: frappe.email.doctype.email_account.email_account.notify_unreplied for mygym.com
2024-01-19 14:56:39,012 INFO scheduler Scheduled Job Complete: frappe.email.doctype.email_account.email_account.notify_unreplied for mygym.com
2024-01-19 14:56:39,067 INFO scheduler Scheduled Job Start: frappe.email.doctype.email_account.email_account.pull for mygym.com
2024-01-19 14:56:39,204 INFO scheduler Scheduled Job Complete: frappe.email.doctype.email_account.email_account.pull for mygym.com
2024-01-19 14:56:43,196 INFO scheduler Scheduled Job Start: frappe.email.queue.flush for mygym.com
2024-01-19 14:56:43,304 INFO scheduler Scheduled Job Complete: frappe.email.queue.flush for mygym.com
2024-01-19 15:00:38,291 INFO scheduler Scheduled Job Start: erpnext.hr.doctype.shift_type.shift_type.process_auto_attendance_for_all_shifts for mygym.com
2024-01-19 15:00:38,480 INFO scheduler Scheduled Job Complete: erpnext.hr.doctype.shift_type.shift_type.process_auto_attendance_for_all_shifts for mygym.com
2024-01-19 15:00:38,537 INFO scheduler Scheduled Job Start: erpnext.erpnext_integrations.connectors.shopify_connection.sync_old_orders for mygym.com
2024-01-19 15:00:38,792 INFO scheduler Scheduled Job Complete: erpnext.erpnext_integrations.connectors.shopify_connection.sync_old_orders for mygym.com
2024-01-19 15:00:38,856 INFO scheduler Scheduled Job Start: erpnext.support.doctype.issue.issue.set_service_level_agreement_variance for mygym.com
2024-01-19 15:00:39,062 INFO scheduler Scheduled Job Complete: erpnext.support.doctype.issue.issue.set_service_level_agreement_variance for mygym.com
2024-01-19 15:00:39,119 INFO scheduler Scheduled Job Start: erpnext.projects.doctype.project.project.collect_project_status for mygym.com
2024-01-19 15:00:39,325 INFO scheduler Scheduled Job Complete: erpnext.projects.doctype.project.project.collect_project_status for mygym.com
2024-01-19 15:00:39,382 INFO scheduler Scheduled Job Start: erpnext.projects.doctype.project.project.hourly_reminder for mygym.com
2024-01-19 15:00:39,594 INFO scheduler Scheduled Job Complete: erpnext.projects.doctype.project.project.hourly_reminder for mygym.com
2024-01-19 15:00:39,650 INFO scheduler Scheduled Job Start: erpnext.erpnext_integrations.doctype.plaid_settings.plaid_settings.automatic_synchronization for mygym.com
2024-01-19 15:00:39,886 INFO scheduler Scheduled Job Complete: erpnext.erpnext_integrations.doctype.plaid_settings.plaid_settings.automatic_synchronization for mygym.com
2024-01-19 15:00:39,944 INFO scheduler Scheduled Job Start: erpnext.erpnext_integrations.doctype.amazon_mws_settings.amazon_mws_settings.schedule_get_order_details for mygym.com
2024-01-19 15:00:40,118 INFO scheduler Scheduled Job Complete: erpnext.erpnext_integrations.doctype.amazon_mws_settings.amazon_mws_settings.schedule_get_order_details for mygym.com
2024-01-19 15:00:40,175 INFO scheduler Scheduled Job Start: erpnext.hr.doctype.daily_work_summary_group.daily_work_summary_group.trigger_emails for mygym.com
2024-01-19 15:00:40,360 INFO scheduler Scheduled Job Complete: erpnext.hr.doctype.daily_work_summary_group.daily_work_summary_group.trigger_emails for mygym.com
2024-01-19 15:00:40,417 INFO scheduler Scheduled Job Start: erpnext.crm.doctype.social_media_post.social_media_post.process_scheduled_social_media_posts for mygym.com
2024-01-19 15:00:40,559 INFO scheduler Scheduled Job Complete: erpnext.crm.doctype.social_media_post.social_media_post.process_scheduled_social_media_posts for mygym.com
2024-01-19 15:00:40,613 INFO scheduler Scheduled Job Start: erpnext.hr.doctype.interview.interview.send_interview_reminder for mygym.com
2024-01-19 15:00:40,730 INFO scheduler Scheduled Job Complete: erpnext.hr.doctype.interview.interview.send_interview_reminder for mygym.com
2024-01-19 15:00:40,783 INFO scheduler Scheduled Job Start: erpnext.healthcare.doctype.patient_appointment.patient_appointment.send_appointment_reminder for mygym.com
2024-01-19 15:00:40,884 INFO scheduler Scheduled Job Complete: erpnext.healthcare.doctype.patient_appointment.patient_appointment.send_appointment_reminder for mygym.com
2024-01-19 15:00:40,939 INFO scheduler Scheduled Job Start: erpnext.projects.doctype.project.project.project_status_update_reminder for mygym.com
2024-01-19 15:00:41,105 INFO scheduler Scheduled Job Complete: erpnext.projects.doctype.project.project.project_status_update_reminder for mygym.com
2024-01-19 15:00:41,161 INFO scheduler Scheduled Job Start: erpnext.utilities.doctype.video.video.update_youtube_data for mygym.com
2024-01-19 15:00:41,402 INFO scheduler Scheduled Job Complete: erpnext.utilities.doctype.video.video.update_youtube_data for mygym.com
2024-01-19 15:00:41,459 INFO scheduler Scheduled Job Start: erpnext.manufacturing.doctype.bom_update_log.bom_update_log.resume_bom_cost_update_jobs for mygym.com
2024-01-19 15:00:41,611 INFO scheduler Scheduled Job Complete: erpnext.manufacturing.doctype.bom_update_log.bom_update_log.resume_bom_cost_update_jobs for mygym.com
2024-01-19 15:00:41,668 INFO scheduler Scheduled Job Start: frappe.email.doctype.newsletter.newsletter.send_scheduled_email for mygym.com
2024-01-19 15:00:41,849 INFO scheduler Scheduled Job Complete: frappe.email.doctype.newsletter.newsletter.send_scheduled_email for mygym.com
2024-01-19 15:00:41,921 INFO scheduler Scheduled Job Start: frappe.integrations.doctype.google_calendar.google_calendar.sync for mygym.com
2024-01-19 15:00:42,231 INFO scheduler Scheduled Job Complete: frappe.integrations.doctype.google_calendar.google_calendar.sync for mygym.com
2024-01-19 15:00:42,289 INFO scheduler Scheduled Job Start: frappe.desk.form.document_follow.send_hourly_updates for mygym.com
2024-01-19 15:00:42,480 INFO scheduler Scheduled Job Complete: frappe.desk.form.document_follow.send_hourly_updates for mygym.com
2024-01-19 15:00:42,537 INFO scheduler Scheduled Job Start: frappe.deferred_insert.save_to_db for mygym.com
2024-01-19 15:00:42,764 INFO scheduler Scheduled Job Complete: frappe.deferred_insert.save_to_db for mygym.com
2024-01-19 15:00:42,820 INFO scheduler Scheduled Job Start: frappe.desk.page.backups.backups.delete_downloadable_backups for mygym.com
2024-01-19 15:00:42,976 INFO scheduler Scheduled Job Complete: frappe.desk.page.backups.backups.delete_downloadable_backups for mygym.com
2024-01-19 15:00:43,032 INFO scheduler Scheduled Job Start: frappe.utils.error.collect_error_snapshots for mygym.com
2024-01-19 15:00:43,203 INFO scheduler Scheduled Job Complete: frappe.utils.error.collect_error_snapshots for mygym.com
2024-01-19 15:00:43,261 INFO scheduler Scheduled Job Start: frappe.model.utils.user_settings.sync_user_settings for mygym.com
2024-01-19 15:00:43,403 INFO scheduler Scheduled Job Complete: frappe.model.utils.user_settings.sync_user_settings for mygym.com
2024-01-19 15:00:43,458 INFO scheduler Scheduled Job Start: frappe.model.utils.link_count.update_link_count for mygym.com
2024-01-19 15:00:43,599 INFO scheduler Scheduled Job Complete: frappe.model.utils.link_count.update_link_count for mygym.com
2024-01-19 15:00:43,654 INFO scheduler Scheduled Job Start: frappe.monitor.flush for mygym.com
2024-01-19 15:00:43,740 INFO scheduler Scheduled Job Complete: frappe.monitor.flush for mygym.com
2024-01-19 15:00:43,794 INFO scheduler Scheduled Job Start: frappe.utils.global_search.sync_global_search for mygym.com
2024-01-19 15:00:43,883 INFO scheduler Scheduled Job Complete: frappe.utils.global_search.sync_global_search for mygym.com
2024-01-19 15:00:43,950 INFO scheduler Scheduled Job Start: frappe.integrations.doctype.razorpay_settings.razorpay_settings.capture_payment for mygym.com
2024-01-19 15:00:44,099 INFO scheduler Scheduled Job Complete: frappe.integrations.doctype.razorpay_settings.razorpay_settings.capture_payment for mygym.com
2024-01-19 15:00:44,153 INFO scheduler Scheduled Job Start: frappe.email.doctype.email_account.email_account.notify_unreplied for mygym.com
2024-01-19 15:00:44,294 INFO scheduler Scheduled Job Complete: frappe.email.doctype.email_account.email_account.notify_unreplied for mygym.com
2024-01-19 15:00:44,348 INFO scheduler Scheduled Job Start: frappe.email.doctype.email_account.email_account.pull for mygym.com
2024-01-19 15:00:44,500 INFO scheduler Scheduled Job Complete: frappe.email.doctype.email_account.email_account.pull for mygym.com
2024-01-19 15:00:48,157 INFO scheduler Scheduled Job Start: frappe.email.queue.flush for mygym.com
2024-01-19 15:00:48,252 INFO scheduler Scheduled Job Complete: frappe.email.queue.flush for mygym.com
2024-01-19 15:00:48,307 INFO scheduler Scheduled Job Start: frappe.twofactor.delete_all_barcodes_for_users for mygym.com
2024-01-19 15:00:48,480 INFO scheduler Scheduled Job Complete: frappe.twofactor.delete_all_barcodes_for_users for mygym.com
2024-01-19 15:00:48,537 INFO scheduler Scheduled Job Start: frappe.website.doctype.web_page.web_page.check_publish_status for mygym.com
2024-01-19 15:00:48,726 INFO scheduler Scheduled Job Complete: frappe.website.doctype.web_page.web_page.check_publish_status for mygym.com
2024-01-19 15:00:48,796 INFO scheduler Scheduled Job Start: frappe.oauth.delete_oauth2_data for mygym.com
2024-01-19 15:00:48,961 INFO scheduler Scheduled Job Complete: frappe.oauth.delete_oauth2_data for mygym.com
2024-01-19 15:00:49,020 INFO scheduler Scheduled Job Start: erpnext.stock.doctype.repost_item_valuation.repost_item_valuation.repost_entries for mygym.com
2024-01-19 15:00:49,194 INFO scheduler Scheduled Job Complete: erpnext.stock.doctype.repost_item_valuation.repost_item_valuation.repost_entries for mygym.com
2024-01-19 15:00:49,250 INFO scheduler Scheduled Job Start: erpnext.accounts.doctype.subscription.subscription.process_all for mygym.com
2024-01-19 15:00:49,397 INFO scheduler Scheduled Job Failed: erpnext.accounts.doctype.subscription.subscription.process_all for mygym.com
2024-01-19 15:04:39,181 INFO scheduler Scheduled Job Start: erpnext.crm.doctype.social_media_post.social_media_post.process_scheduled_social_media_posts for mygym.com
2024-01-19 15:04:39,330 INFO scheduler Scheduled Job Complete: erpnext.crm.doctype.social_media_post.social_media_post.process_scheduled_social_media_posts for mygym.com
2024-01-19 15:04:39,385 INFO scheduler Scheduled Job Start: erpnext.hr.doctype.interview.interview.send_interview_reminder for mygym.com
2024-01-19 15:04:39,517 INFO scheduler Scheduled Job Complete: erpnext.hr.doctype.interview.interview.send_interview_reminder for mygym.com
2024-01-19 15:04:39,571 INFO scheduler Scheduled Job Start: erpnext.healthcare.doctype.patient_appointment.patient_appointment.send_appointment_reminder for mygym.com
2024-01-19 15:04:39,685 INFO scheduler Scheduled Job Complete: erpnext.healthcare.doctype.patient_appointment.patient_appointment.send_appointment_reminder for mygym.com
2024-01-19 15:04:39,740 INFO scheduler Scheduled Job Start: erpnext.projects.doctype.project.project.project_status_update_reminder for mygym.com
2024-01-19 15:04:39,905 INFO scheduler Scheduled Job Complete: erpnext.projects.doctype.project.project.project_status_update_reminder for mygym.com
2024-01-19 15:04:39,959 INFO scheduler Scheduled Job Start: frappe.monitor.flush for mygym.com
2024-01-19 15:04:40,044 INFO scheduler Scheduled Job Complete: frappe.monitor.flush for mygym.com
2024-01-19 15:04:40,098 INFO scheduler Scheduled Job Start: frappe.utils.global_search.sync_global_search for mygym.com
2024-01-19 15:04:40,185 INFO scheduler Scheduled Job Complete: frappe.utils.global_search.sync_global_search for mygym.com
2024-01-19 15:04:40,240 INFO scheduler Scheduled Job Start: frappe.integrations.doctype.razorpay_settings.razorpay_settings.capture_payment for mygym.com
2024-01-19 15:04:40,389 INFO scheduler Scheduled Job Complete: frappe.integrations.doctype.razorpay_settings.razorpay_settings.capture_payment for mygym.com
2024-01-19 15:04:40,443 INFO scheduler Scheduled Job Start: frappe.email.doctype.email_account.email_account.notify_unreplied for mygym.com
2024-01-19 15:04:40,572 INFO scheduler Scheduled Job Complete: frappe.email.doctype.email_account.email_account.notify_unreplied for mygym.com
2024-01-19 15:04:40,626 INFO scheduler Scheduled Job Start: frappe.email.doctype.email_account.email_account.pull for mygym.com
2024-01-19 15:04:40,765 INFO scheduler Scheduled Job Complete: frappe.email.doctype.email_account.email_account.pull for mygym.com
2024-01-19 15:04:45,822 INFO scheduler Scheduled Job Start: frappe.email.queue.flush for mygym.com
2024-01-19 15:04:45,929 INFO scheduler Scheduled Job Complete: frappe.email.queue.flush for mygym.com
2024-01-19 15:05:39,381 INFO scheduler Scheduled Job Start: erpnext.manufacturing.doctype.bom_update_log.bom_update_log.resume_bom_cost_update_jobs for mygym.com
2024-01-19 15:05:39,536 INFO scheduler Scheduled Job Complete: erpnext.manufacturing.doctype.bom_update_log.bom_update_log.resume_bom_cost_update_jobs for mygym.com
2024-01-19 15:08:39,954 INFO scheduler Scheduled Job Start: erpnext.crm.doctype.social_media_post.social_media_post.process_scheduled_social_media_posts for mygym.com
2024-01-19 15:08:40,097 INFO scheduler Scheduled Job Complete: erpnext.crm.doctype.social_media_post.social_media_post.process_scheduled_social_media_posts for mygym.com
2024-01-19 15:08:40,151 INFO scheduler Scheduled Job Start: erpnext.hr.doctype.interview.interview.send_interview_reminder for mygym.com
2024-01-19 15:08:40,283 INFO scheduler Scheduled Job Complete: erpnext.hr.doctype.interview.interview.send_interview_reminder for mygym.com
2024-01-19 15:08:40,336 INFO scheduler Scheduled Job Start: erpnext.healthcare.doctype.patient_appointment.patient_appointment.send_appointment_reminder for mygym.com
2024-01-19 15:08:40,437 INFO scheduler Scheduled Job Complete: erpnext.healthcare.doctype.patient_appointment.patient_appointment.send_appointment_reminder for mygym.com
2024-01-19 15:08:40,491 INFO scheduler Scheduled Job Start: erpnext.projects.doctype.project.project.project_status_update_reminder for mygym.com
2024-01-19 15:08:40,656 INFO scheduler Scheduled Job Complete: erpnext.projects.doctype.project.project.project_status_update_reminder for mygym.com
2024-01-19 15:08:40,709 INFO scheduler Scheduled Job Start: frappe.monitor.flush for mygym.com
2024-01-19 15:08:40,801 INFO scheduler Scheduled Job Complete: frappe.monitor.flush for mygym.com
2024-01-19 15:08:40,857 INFO scheduler Scheduled Job Start: frappe.utils.global_search.sync_global_search for mygym.com
2024-01-19 15:08:40,947 INFO scheduler Scheduled Job Complete: frappe.utils.global_search.sync_global_search for mygym.com
2024-01-19 15:08:41,009 INFO scheduler Scheduled Job Start: frappe.integrations.doctype.razorpay_settings.razorpay_settings.capture_payment for mygym.com
2024-01-19 15:08:41,159 INFO scheduler Scheduled Job Complete: frappe.integrations.doctype.razorpay_settings.razorpay_settings.capture_payment for mygym.com
2024-01-19 15:08:41,213 INFO scheduler Scheduled Job Start: frappe.email.doctype.email_account.email_account.notify_unreplied for mygym.com
2024-01-19 15:08:41,342 INFO scheduler Scheduled Job Complete: frappe.email.doctype.email_account.email_account.notify_unreplied for mygym.com
2024-01-19 15:08:41,395 INFO scheduler Scheduled Job Start: frappe.email.doctype.email_account.email_account.pull for mygym.com
2024-01-19 15:08:41,533 INFO scheduler Scheduled Job Complete: frappe.email.doctype.email_account.email_account.pull for mygym.com
2024-01-19 15:08:45,514 INFO scheduler Scheduled Job Start: frappe.email.queue.flush for mygym.com
2024-01-19 15:08:45,610 INFO scheduler Scheduled Job Complete: frappe.email.queue.flush for mygym.com
2024-01-19 15:10:40,459 INFO scheduler Scheduled Job Start: erpnext.manufacturing.doctype.bom_update_log.bom_update_log.resume_bom_cost_update_jobs for mygym.com
2024-01-19 15:10:40,620 INFO scheduler Scheduled Job Complete: erpnext.manufacturing.doctype.bom_update_log.bom_update_log.resume_bom_cost_update_jobs for mygym.com
2024-01-19 15:12:40,877 INFO scheduler Scheduled Job Start: erpnext.crm.doctype.social_media_post.social_media_post.process_scheduled_social_media_posts for mygym.com
2024-01-19 15:12:41,008 INFO scheduler Scheduled Job Complete: erpnext.crm.doctype.social_media_post.social_media_post.process_scheduled_social_media_posts for mygym.com
2024-01-19 15:12:41,064 INFO scheduler Scheduled Job Start: erpnext.hr.doctype.interview.interview.send_interview_reminder for mygym.com
2024-01-19 15:12:41,188 INFO scheduler Scheduled Job Complete: erpnext.hr.doctype.interview.interview.send_interview_reminder for mygym.com
2024-01-19 15:12:41,244 INFO scheduler Scheduled Job Start: erpnext.healthcare.doctype.patient_appointment.patient_appointment.send_appointment_reminder for mygym.com
2024-01-19 15:12:41,353 INFO scheduler Scheduled Job Complete: erpnext.healthcare.doctype.patient_appointment.patient_appointment.send_appointment_reminder for mygym.com
2024-01-19 15:12:41,410 INFO scheduler Scheduled Job Start: erpnext.projects.doctype.project.project.project_status_update_reminder for mygym.com
2024-01-19 15:12:41,566 INFO scheduler Scheduled Job Complete: erpnext.projects.doctype.project.project.project_status_update_reminder for mygym.com
2024-01-19 15:12:41,623 INFO scheduler Scheduled Job Start: frappe.monitor.flush for mygym.com
2024-01-19 15:12:41,712 INFO scheduler Scheduled Job Complete: frappe.monitor.flush for mygym.com
2024-01-19 15:12:41,769 INFO scheduler Scheduled Job Start: frappe.utils.global_search.sync_global_search for mygym.com
2024-01-19 15:12:41,860 INFO scheduler Scheduled Job Complete: frappe.utils.global_search.sync_global_search for mygym.com
2024-01-19 15:12:41,935 INFO scheduler Scheduled Job Start: frappe.integrations.doctype.razorpay_settings.razorpay_settings.capture_payment for mygym.com
2024-01-19 15:12:42,093 INFO scheduler Scheduled Job Complete: frappe.integrations.doctype.razorpay_settings.razorpay_settings.capture_payment for mygym.com
2024-01-19 15:12:42,149 INFO scheduler Scheduled Job Start: frappe.email.doctype.email_account.email_account.notify_unreplied for mygym.com
2024-01-19 15:12:42,283 INFO scheduler Scheduled Job Complete: frappe.email.doctype.email_account.email_account.notify_unreplied for mygym.com
2024-01-19 15:12:42,339 INFO scheduler Scheduled Job Start: frappe.email.doctype.email_account.email_account.pull for mygym.com
2024-01-19 15:12:42,479 INFO scheduler Scheduled Job Complete: frappe.email.doctype.email_account.email_account.pull for mygym.com
2024-01-19 15:12:46,134 INFO scheduler Scheduled Job Start: frappe.email.queue.flush for mygym.com
2024-01-19 15:12:46,233 INFO scheduler Scheduled Job Complete: frappe.email.queue.flush for mygym.com
2024-01-19 15:15:41,571 INFO scheduler Scheduled Job Start: erpnext.manufacturing.doctype.bom_update_log.bom_update_log.resume_bom_cost_update_jobs for mygym.com
2024-01-19 15:15:41,750 INFO scheduler Scheduled Job Complete: erpnext.manufacturing.doctype.bom_update_log.bom_update_log.resume_bom_cost_update_jobs for mygym.com
2024-01-19 15:15:41,817 INFO scheduler Scheduled Job Start: frappe.twofactor.delete_all_barcodes_for_users for mygym.com
2024-01-19 15:15:41,999 INFO scheduler Scheduled Job Complete: frappe.twofactor.delete_all_barcodes_for_users for mygym.com
2024-01-19 15:15:42,064 INFO scheduler Scheduled Job Start: frappe.website.doctype.web_page.web_page.check_publish_status for mygym.com
2024-01-19 15:15:42,332 INFO scheduler Scheduled Job Complete: frappe.website.doctype.web_page.web_page.check_publish_status for mygym.com
2024-01-19 15:15:42,390 INFO scheduler Scheduled Job Start: frappe.oauth.delete_oauth2_data for mygym.com
2024-01-19 15:15:42,564 INFO scheduler Scheduled Job Complete: frappe.oauth.delete_oauth2_data for mygym.com
2024-01-19 15:16:41,803 INFO scheduler Scheduled Job Start: erpnext.crm.doctype.social_media_post.social_media_post.process_scheduled_social_media_posts for mygym.com
2024-01-19 15:16:41,942 INFO scheduler Scheduled Job Complete: erpnext.crm.doctype.social_media_post.social_media_post.process_scheduled_social_media_posts for mygym.com
2024-01-19 15:16:41,999 INFO scheduler Scheduled Job Start: erpnext.hr.doctype.interview.interview.send_interview_reminder for mygym.com
2024-01-19 15:16:42,162 INFO scheduler Scheduled Job Complete: erpnext.hr.doctype.interview.interview.send_interview_reminder for mygym.com
2024-01-19 15:16:42,248 INFO scheduler Scheduled Job Start: erpnext.healthcare.doctype.patient_appointment.patient_appointment.send_appointment_reminder for mygym.com
2024-01-19 15:16:42,371 INFO scheduler Scheduled Job Complete: erpnext.healthcare.doctype.patient_appointment.patient_appointment.send_appointment_reminder for mygym.com
2024-01-19 15:16:42,435 INFO scheduler Scheduled Job Start: erpnext.projects.doctype.project.project.project_status_update_reminder for mygym.com
2024-01-19 15:16:42,597 INFO scheduler Scheduled Job Complete: erpnext.projects.doctype.project.project.project_status_update_reminder for mygym.com
2024-01-19 15:16:42,655 INFO scheduler Scheduled Job Start: frappe.monitor.flush for mygym.com
2024-01-19 15:16:42,760 INFO scheduler Scheduled Job Complete: frappe.monitor.flush for mygym.com
2024-01-19 15:16:42,816 INFO scheduler Scheduled Job Start: frappe.utils.global_search.sync_global_search for mygym.com
2024-01-19 15:16:42,975 INFO scheduler Scheduled Job Complete: frappe.utils.global_search.sync_global_search for mygym.com
2024-01-19 15:16:43,051 INFO scheduler Scheduled Job Start: frappe.integrations.doctype.razorpay_settings.razorpay_settings.capture_payment for mygym.com
2024-01-19 15:16:43,202 INFO scheduler Scheduled Job Complete: frappe.integrations.doctype.razorpay_settings.razorpay_settings.capture_payment for mygym.com
2024-01-19 15:16:43,373 INFO scheduler Scheduled Job Start: frappe.email.doctype.email_account.email_account.notify_unreplied for mygym.com
2024-01-19 15:16:43,562 INFO scheduler Scheduled Job Complete: frappe.email.doctype.email_account.email_account.notify_unreplied for mygym.com
2024-01-19 15:16:43,647 INFO scheduler Scheduled Job Start: frappe.email.doctype.email_account.email_account.pull for mygym.com
2024-01-19 15:16:43,836 INFO scheduler Scheduled Job Complete: frappe.email.doctype.email_account.email_account.pull for mygym.com
2024-01-19 15:16:47,423 INFO scheduler Scheduled Job Start: frappe.email.queue.flush for mygym.com
2024-01-19 15:16:47,532 INFO scheduler Scheduled Job Complete: frappe.email.queue.flush for mygym.com
2024-01-19 15:20:42,846 INFO scheduler Scheduled Job Start: erpnext.crm.doctype.social_media_post.social_media_post.process_scheduled_social_media_posts for mygym.com
2024-01-19 15:20:43,007 INFO scheduler Scheduled Job Complete: erpnext.crm.doctype.social_media_post.social_media_post.process_scheduled_social_media_posts for mygym.com
2024-01-19 15:20:43,067 INFO scheduler Scheduled Job Start: erpnext.hr.doctype.interview.interview.send_interview_reminder for mygym.com
2024-01-19 15:20:43,216 INFO scheduler Scheduled Job Complete: erpnext.hr.doctype.interview.interview.send_interview_reminder for mygym.com
2024-01-19 15:20:43,275 INFO scheduler Scheduled Job Start: erpnext.healthcare.doctype.patient_appointment.patient_appointment.send_appointment_reminder for mygym.com
2024-01-19 15:20:43,402 INFO scheduler Scheduled Job Complete: erpnext.healthcare.doctype.patient_appointment.patient_appointment.send_appointment_reminder for mygym.com
2024-01-19 15:20:43,467 INFO scheduler Scheduled Job Start: erpnext.projects.doctype.project.project.project_status_update_reminder for mygym.com
2024-01-19 15:20:43,643 INFO scheduler Scheduled Job Complete: erpnext.projects.doctype.project.project.project_status_update_reminder for mygym.com
2024-01-19 15:20:43,703 INFO scheduler Scheduled Job Start: erpnext.manufacturing.doctype.bom_update_log.bom_update_log.resume_bom_cost_update_jobs for mygym.com
2024-01-19 15:20:43,883 INFO scheduler Scheduled Job Complete: erpnext.manufacturing.doctype.bom_update_log.bom_update_log.resume_bom_cost_update_jobs for mygym.com
2024-01-19 15:20:43,948 INFO scheduler Scheduled Job Start: frappe.monitor.flush for mygym.com
2024-01-19 15:20:44,045 INFO scheduler Scheduled Job Complete: frappe.monitor.flush for mygym.com
2024-01-19 15:20:44,114 INFO scheduler Scheduled Job Start: frappe.utils.global_search.sync_global_search for mygym.com
2024-01-19 15:20:44,210 INFO scheduler Scheduled Job Complete: frappe.utils.global_search.sync_global_search for mygym.com
2024-01-19 15:20:44,273 INFO scheduler Scheduled Job Start: frappe.integrations.doctype.razorpay_settings.razorpay_settings.capture_payment for mygym.com
2024-01-19 15:20:44,439 INFO scheduler Scheduled Job Complete: frappe.integrations.doctype.razorpay_settings.razorpay_settings.capture_payment for mygym.com
2024-01-19 15:20:44,503 INFO scheduler Scheduled Job Start: frappe.email.doctype.email_account.email_account.notify_unreplied for mygym.com
2024-01-19 15:20:44,648 INFO scheduler Scheduled Job Complete: frappe.email.doctype.email_account.email_account.notify_unreplied for mygym.com
2024-01-19 15:20:44,707 INFO scheduler Scheduled Job Start: frappe.email.doctype.email_account.email_account.pull for mygym.com
2024-01-19 15:20:44,881 INFO scheduler Scheduled Job Complete: frappe.email.doctype.email_account.email_account.pull for mygym.com
2024-01-19 15:20:49,056 INFO scheduler Scheduled Job Start: frappe.email.queue.flush for mygym.com
2024-01-19 15:20:49,161 INFO scheduler Scheduled Job Complete: frappe.email.queue.flush for mygym.com
2024-01-20 00:14:44,882 INFO scheduler Scheduled Job Start: erpnext.hr.doctype.shift_type.shift_type.process_auto_attendance_for_all_shifts for mygym.com
2024-01-20 00:14:45,251 INFO scheduler Scheduled Job Complete: erpnext.hr.doctype.shift_type.shift_type.process_auto_attendance_for_all_shifts for mygym.com
2024-01-20 00:14:45,352 INFO scheduler Scheduled Job Start: erpnext.hr.doctype.interview.interview.send_daily_feedback_reminder for mygym.com
2024-01-20 00:14:45,688 INFO scheduler Scheduled Job Complete: erpnext.hr.doctype.interview.interview.send_daily_feedback_reminder for mygym.com
2024-01-20 00:14:45,823 INFO scheduler Scheduled Job Start: erpnext.non_profit.doctype.membership.membership.set_expired_status for mygym.com
2024-01-20 00:14:46,133 INFO scheduler Scheduled Job Complete: erpnext.non_profit.doctype.membership.membership.set_expired_status for mygym.com
2024-01-20 00:14:46,224 INFO scheduler Scheduled Job Start: erpnext.accounts.doctype.process_statement_of_accounts.process_statement_of_accounts.send_auto_email for mygym.com
2024-01-20 00:14:46,627 INFO scheduler Scheduled Job Complete: erpnext.accounts.doctype.process_statement_of_accounts.process_statement_of_accounts.send_auto_email for mygym.com
2024-01-20 00:14:46,720 INFO scheduler Scheduled Job Start: erpnext.buying.doctype.supplier_quotation.supplier_quotation.set_expired_status for mygym.com
2024-01-20 00:14:47,025 INFO scheduler Scheduled Job Complete: erpnext.buying.doctype.supplier_quotation.supplier_quotation.set_expired_status for mygym.com
2024-01-20 00:14:47,111 INFO scheduler Scheduled Job Start: erpnext.healthcare.doctype.patient_appointment.patient_appointment.update_appointment_status for mygym.com
2024-01-20 00:14:47,332 INFO scheduler Scheduled Job Failed: erpnext.healthcare.doctype.patient_appointment.patient_appointment.update_appointment_status for mygym.com
2024-01-20 00:14:47,422 INFO scheduler Scheduled Job Start: erpnext.selling.doctype.quotation.quotation.set_expired_status for mygym.com
2024-01-20 00:14:47,765 INFO scheduler Scheduled Job Complete: erpnext.selling.doctype.quotation.quotation.set_expired_status for mygym.com
2024-01-20 00:14:47,841 INFO scheduler Scheduled Job Start: erpnext.crm.doctype.email_campaign.email_campaign.set_email_campaign_status for mygym.com
2024-01-20 00:14:48,088 INFO scheduler Scheduled Job Complete: erpnext.crm.doctype.email_campaign.email_campaign.set_email_campaign_status for mygym.com
2024-01-20 00:14:48,176 INFO scheduler Scheduled Job Start: erpnext.crm.doctype.email_campaign.email_campaign.send_email_to_leads_or_contacts for mygym.com
2024-01-20 00:14:48,407 INFO scheduler Scheduled Job Complete: erpnext.crm.doctype.email_campaign.email_campaign.send_email_to_leads_or_contacts for mygym.com
2024-01-20 00:14:48,488 INFO scheduler Scheduled Job Start: erpnext.support.doctype.service_level_agreement.service_level_agreement.check_agreement_status for mygym.com
2024-01-20 00:14:48,756 INFO scheduler Scheduled Job Complete: erpnext.support.doctype.service_level_agreement.service_level_agreement.check_agreement_status for mygym.com
2024-01-20 00:14:48,839 INFO scheduler Scheduled Job Start: erpnext.quality_management.doctype.quality_review.quality_review.review for mygym.com
2024-01-20 00:14:49,146 INFO scheduler Scheduled Job Complete: erpnext.quality_management.doctype.quality_review.quality_review.review for mygym.com
2024-01-20 00:14:49,231 INFO scheduler Scheduled Job Start: erpnext.projects.doctype.project.project.send_project_status_email_to_users for mygym.com
2024-01-20 00:14:49,523 INFO scheduler Scheduled Job Complete: erpnext.projects.doctype.project.project.send_project_status_email_to_users for mygym.com
2024-01-20 00:14:49,619 INFO scheduler Scheduled Job Start: erpnext.projects.doctype.project.project.update_project_sales_billing for mygym.com
2024-01-20 00:14:49,866 INFO scheduler Scheduled Job Complete: erpnext.projects.doctype.project.project.update_project_sales_billing for mygym.com
2024-01-20 00:14:49,978 INFO scheduler Scheduled Job Start: erpnext.crm.doctype.contract.contract.update_status_for_contracts for mygym.com
2024-01-20 00:14:50,598 INFO scheduler Scheduled Job Complete: erpnext.crm.doctype.contract.contract.update_status_for_contracts for mygym.com
2024-01-20 00:14:50,709 INFO scheduler Scheduled Job Start: erpnext.assets.doctype.asset.asset.make_post_gl_entry for mygym.com
2024-01-20 00:14:51,069 INFO scheduler Scheduled Job Complete: erpnext.assets.doctype.asset.asset.make_post_gl_entry for mygym.com
2024-01-20 00:14:51,141 INFO scheduler Scheduled Job Start: erpnext.assets.doctype.asset.asset.update_maintenance_status for mygym.com
2024-01-20 00:14:51,464 INFO scheduler Scheduled Job Complete: erpnext.assets.doctype.asset.asset.update_maintenance_status for mygym.com
2024-01-20 00:14:51,574 INFO scheduler Scheduled Job Start: erpnext.setup.doctype.company.company.cache_companies_monthly_sales_history for mygym.com
2024-01-20 00:14:52,051 INFO scheduler Scheduled Job Complete: erpnext.setup.doctype.company.company.cache_companies_monthly_sales_history for mygym.com
2024-01-20 00:14:52,144 INFO scheduler Scheduled Job Start: erpnext.buying.doctype.supplier_scorecard.supplier_scorecard.refresh_scorecards for mygym.com
2024-01-20 00:14:52,346 INFO scheduler Scheduled Job Complete: erpnext.buying.doctype.supplier_scorecard.supplier_scorecard.refresh_scorecards for mygym.com
2024-01-20 00:14:52,424 INFO scheduler Scheduled Job Start: erpnext.stock.doctype.serial_no.serial_no.update_maintenance_status for mygym.com
2024-01-20 00:14:52,739 INFO scheduler Scheduled Job Complete: erpnext.stock.doctype.serial_no.serial_no.update_maintenance_status for mygym.com
2024-01-20 00:14:52,812 INFO scheduler Scheduled Job Start: erpnext.hr.doctype.daily_work_summary_group.daily_work_summary_group.send_summary for mygym.com
2024-01-20 00:14:53,058 INFO scheduler Scheduled Job Complete: erpnext.hr.doctype.daily_work_summary_group.daily_work_summary_group.send_summary for mygym.com
2024-01-20 00:14:53,149 INFO scheduler Scheduled Job Start: erpnext.assets.doctype.asset.depreciation.post_depreciation_entries for mygym.com
2024-01-20 00:14:53,344 INFO scheduler Scheduled Job Complete: erpnext.assets.doctype.asset.depreciation.post_depreciation_entries for mygym.com
2024-01-20 00:14:53,427 INFO scheduler Scheduled Job Start: erpnext.projects.doctype.task.task.set_tasks_as_overdue for mygym.com
2024-01-20 00:14:53,690 INFO scheduler Scheduled Job Complete: erpnext.projects.doctype.task.task.set_tasks_as_overdue for mygym.com
2024-01-20 00:14:53,764 INFO scheduler Scheduled Job Start: erpnext.hr.doctype.employee.employee_reminders.send_birthday_reminders for mygym.com
2024-01-20 00:14:54,017 INFO scheduler Scheduled Job Complete: erpnext.hr.doctype.employee.employee_reminders.send_birthday_reminders for mygym.com
2024-01-20 00:14:54,259 INFO scheduler Scheduled Job Start: erpnext.hr.doctype.employee.employee_reminders.send_work_anniversary_reminders for mygym.com
2024-01-20 00:14:54,503 INFO scheduler Scheduled Job Complete: erpnext.hr.doctype.employee.employee_reminders.send_work_anniversary_reminders for mygym.com
2024-01-20 00:14:54,596 INFO scheduler Scheduled Job Start: erpnext.accounts.doctype.fiscal_year.fiscal_year.auto_create_fiscal_year for mygym.com
2024-01-20 00:14:54,807 INFO scheduler Scheduled Job Complete: erpnext.accounts.doctype.fiscal_year.fiscal_year.auto_create_fiscal_year for mygym.com
2024-01-20 00:14:54,900 INFO scheduler Scheduled Job Start: erpnext.controllers.accounts_controller.update_invoice_status for mygym.com
2024-01-20 00:14:55,179 INFO scheduler Scheduled Job Complete: erpnext.controllers.accounts_controller.update_invoice_status for mygym.com
2024-01-20 00:14:55,253 INFO scheduler Scheduled Job Start: erpnext.crm.doctype.opportunity.opportunity.auto_close_opportunity for mygym.com
2024-01-20 00:14:55,477 INFO scheduler Scheduled Job Complete: erpnext.crm.doctype.opportunity.opportunity.auto_close_opportunity for mygym.com
2024-01-20 00:14:55,550 INFO scheduler Scheduled Job Start: erpnext.support.doctype.issue.issue.auto_close_tickets for mygym.com
2024-01-20 00:14:55,746 INFO scheduler Scheduled Job Complete: erpnext.support.doctype.issue.issue.auto_close_tickets for mygym.com
2024-01-20 00:14:55,841 INFO scheduler Scheduled Job Start: erpnext.erpnext_integrations.connectors.shopify_connection.sync_old_orders for mygym.com
2024-01-20 00:14:56,135 INFO scheduler Scheduled Job Complete: erpnext.erpnext_integrations.connectors.shopify_connection.sync_old_orders for mygym.com
2024-01-20 00:14:56,355 INFO scheduler Scheduled Job Start: erpnext.support.doctype.issue.issue.set_service_level_agreement_variance for mygym.com
2024-01-20 00:14:56,682 INFO scheduler Scheduled Job Complete: erpnext.support.doctype.issue.issue.set_service_level_agreement_variance for mygym.com
2024-01-20 00:14:56,768 INFO scheduler Scheduled Job Start: erpnext.projects.doctype.project.project.collect_project_status for mygym.com
2024-01-20 00:14:57,026 INFO scheduler Scheduled Job Complete: erpnext.projects.doctype.project.project.collect_project_status for mygym.com
2024-01-20 00:14:57,123 INFO scheduler Scheduled Job Start: erpnext.projects.doctype.project.project.hourly_reminder for mygym.com
2024-01-20 00:14:57,368 INFO scheduler Scheduled Job Complete: erpnext.projects.doctype.project.project.hourly_reminder for mygym.com
2024-01-20 00:14:57,441 INFO scheduler Scheduled Job Start: erpnext.erpnext_integrations.doctype.plaid_settings.plaid_settings.automatic_synchronization for mygym.com
2024-01-20 00:14:57,705 INFO scheduler Scheduled Job Complete: erpnext.erpnext_integrations.doctype.plaid_settings.plaid_settings.automatic_synchronization for mygym.com
2024-01-20 00:14:57,827 INFO scheduler Scheduled Job Start: erpnext.erpnext_integrations.doctype.amazon_mws_settings.amazon_mws_settings.schedule_get_order_details for mygym.com
2024-01-20 00:14:58,038 INFO scheduler Scheduled Job Complete: erpnext.erpnext_integrations.doctype.amazon_mws_settings.amazon_mws_settings.schedule_get_order_details for mygym.com
2024-01-20 00:14:58,122 INFO scheduler Scheduled Job Start: erpnext.hr.doctype.daily_work_summary_group.daily_work_summary_group.trigger_emails for mygym.com
2024-01-20 00:14:58,309 INFO scheduler Scheduled Job Complete: erpnext.hr.doctype.daily_work_summary_group.daily_work_summary_group.trigger_emails for mygym.com
2024-01-20 00:14:58,405 INFO scheduler Scheduled Job Start: erpnext.crm.doctype.social_media_post.social_media_post.process_scheduled_social_media_posts for mygym.com
2024-01-20 00:14:58,572 INFO scheduler Scheduled Job Complete: erpnext.crm.doctype.social_media_post.social_media_post.process_scheduled_social_media_posts for mygym.com
2024-01-20 00:14:58,638 INFO scheduler Scheduled Job Start: erpnext.hr.doctype.interview.interview.send_interview_reminder for mygym.com
2024-01-20 00:14:58,798 INFO scheduler Scheduled Job Complete: erpnext.hr.doctype.interview.interview.send_interview_reminder for mygym.com
2024-01-20 00:14:58,863 INFO scheduler Scheduled Job Start: erpnext.healthcare.doctype.patient_appointment.patient_appointment.send_appointment_reminder for mygym.com
2024-01-20 00:14:58,988 INFO scheduler Scheduled Job Complete: erpnext.healthcare.doctype.patient_appointment.patient_appointment.send_appointment_reminder for mygym.com
2024-01-20 00:14:59,061 INFO scheduler Scheduled Job Start: erpnext.projects.doctype.project.project.project_status_update_reminder for mygym.com
2024-01-20 00:14:59,240 INFO scheduler Scheduled Job Complete: erpnext.projects.doctype.project.project.project_status_update_reminder for mygym.com
2024-01-20 00:14:59,308 INFO scheduler Scheduled Job Start: erpnext.accounts.doctype.gl_entry.gl_entry.rename_gle_sle_docs for mygym.com
2024-01-20 00:14:59,564 INFO scheduler Scheduled Job Complete: erpnext.accounts.doctype.gl_entry.gl_entry.rename_gle_sle_docs for mygym.com
2024-01-20 00:14:59,652 INFO scheduler Scheduled Job Start: erpnext.utilities.doctype.video.video.update_youtube_data for mygym.com
2024-01-20 00:14:59,892 INFO scheduler Scheduled Job Complete: erpnext.utilities.doctype.video.video.update_youtube_data for mygym.com
2024-01-20 00:14:59,986 INFO scheduler Scheduled Job Start: erpnext.manufacturing.doctype.bom_update_log.bom_update_log.resume_bom_cost_update_jobs for mygym.com
2024-01-20 00:15:00,179 INFO scheduler Scheduled Job Complete: erpnext.manufacturing.doctype.bom_update_log.bom_update_log.resume_bom_cost_update_jobs for mygym.com
2024-01-20 00:15:00,284 INFO scheduler Scheduled Job Start: frappe.core.doctype.log_settings.log_settings.run_log_clean_up for mygym.com
2024-01-20 00:15:00,525 INFO scheduler Scheduled Job Complete: frappe.core.doctype.log_settings.log_settings.run_log_clean_up for mygym.com
2024-01-20 00:15:00,606 INFO scheduler Scheduled Job Start: frappe.core.doctype.prepared_report.prepared_report.delete_expired_prepared_reports for mygym.com
2024-01-20 00:15:00,932 INFO scheduler Scheduled Job Complete: frappe.core.doctype.prepared_report.prepared_report.delete_expired_prepared_reports for mygym.com
2024-01-20 00:15:01,035 INFO scheduler Scheduled Job Start: frappe.email.doctype.unhandled_email.unhandled_email.remove_old_unhandled_emails for mygym.com
2024-01-20 00:15:01,202 INFO scheduler Scheduled Job Complete: frappe.email.doctype.unhandled_email.unhandled_email.remove_old_unhandled_emails for mygym.com
2024-01-20 00:15:01,276 INFO scheduler Scheduled Job Start: frappe.automation.doctype.auto_repeat.auto_repeat.set_auto_repeat_as_completed for mygym.com
2024-01-20 00:15:01,531 INFO scheduler Scheduled Job Complete: frappe.automation.doctype.auto_repeat.auto_repeat.set_auto_repeat_as_completed for mygym.com
2024-01-20 00:15:01,600 INFO scheduler Scheduled Job Start: frappe.automation.doctype.auto_repeat.auto_repeat.make_auto_repeat_entry for mygym.com
2024-01-20 00:15:01,911 INFO scheduler Scheduled Job Complete: frappe.automation.doctype.auto_repeat.auto_repeat.make_auto_repeat_entry for mygym.com
2024-01-20 00:15:02,021 INFO scheduler Scheduled Job Start: frappe.integrations.doctype.google_contacts.google_contacts.sync for mygym.com
2024-01-20 00:15:02,406 INFO scheduler Scheduled Job Complete: frappe.integrations.doctype.google_contacts.google_contacts.sync for mygym.com
2024-01-20 00:15:02,499 INFO scheduler Scheduled Job Start: frappe.social.doctype.energy_point_settings.energy_point_settings.allocate_review_points for mygym.com
2024-01-20 00:15:02,827 INFO scheduler Scheduled Job Complete: frappe.social.doctype.energy_point_settings.energy_point_settings.allocate_review_points for mygym.com
2024-01-20 00:15:02,903 INFO scheduler Scheduled Job Start: frappe.desk.form.document_follow.send_daily_updates for mygym.com
2024-01-20 00:15:03,149 INFO scheduler Scheduled Job Complete: frappe.desk.form.document_follow.send_daily_updates for mygym.com
2024-01-20 00:15:03,268 INFO scheduler Scheduled Job Start: frappe.website.doctype.personal_data_deletion_request.personal_data_deletion_request.remove_unverified_record for mygym.com
2024-01-20 00:15:03,435 INFO scheduler Scheduled Job Complete: frappe.website.doctype.personal_data_deletion_request.personal_data_deletion_request.remove_unverified_record for mygym.com
2024-01-20 00:15:03,512 INFO scheduler Scheduled Job Start: frappe.email.doctype.notification.notification.trigger_daily_alerts for mygym.com
2024-01-20 00:15:03,786 INFO scheduler Scheduled Job Complete: frappe.email.doctype.notification.notification.trigger_daily_alerts for mygym.com
2024-01-20 00:15:03,883 INFO scheduler Scheduled Job Start: frappe.sessions.clear_expired_sessions for mygym.com
2024-01-20 00:15:04,258 INFO scheduler Scheduled Job Complete: frappe.sessions.clear_expired_sessions for mygym.com
2024-01-20 00:15:04,333 INFO scheduler Scheduled Job Start: frappe.desk.doctype.event.event.send_event_digest for mygym.com
2024-01-20 00:15:04,569 INFO scheduler Scheduled Job Complete: frappe.desk.doctype.event.event.send_event_digest for mygym.com
2024-01-20 00:15:04,650 INFO scheduler Scheduled Job Start: frappe.core.doctype.error_log.error_log.set_old_logs_as_seen for mygym.com
2024-01-20 00:15:04,844 INFO scheduler Scheduled Job Complete: frappe.core.doctype.error_log.error_log.set_old_logs_as_seen for mygym.com
2024-01-20 00:15:04,924 INFO scheduler Scheduled Job Start: frappe.desk.notifications.clear_notifications for mygym.com
2024-01-20 00:15:05,118 INFO scheduler Scheduled Job Complete: frappe.desk.notifications.clear_notifications for mygym.com
2024-01-20 00:15:05,198 INFO scheduler Scheduled Job Start: frappe.email.queue.set_expiry_for_email_queue for mygym.com
2024-01-20 00:15:05,378 INFO scheduler Scheduled Job Complete: frappe.email.queue.set_expiry_for_email_queue for mygym.com
2024-01-20 00:15:05,484 INFO scheduler Scheduled Job Start: frappe.email.doctype.newsletter.newsletter.send_scheduled_email for mygym.com
2024-01-20 00:15:05,720 INFO scheduler Scheduled Job Complete: frappe.email.doctype.newsletter.newsletter.send_scheduled_email for mygym.com
2024-01-20 00:15:05,805 INFO scheduler Scheduled Job Start: frappe.integrations.doctype.google_calendar.google_calendar.sync for mygym.com
2024-01-20 00:15:06,110 INFO scheduler Scheduled Job Complete: frappe.integrations.doctype.google_calendar.google_calendar.sync for mygym.com
2024-01-20 00:15:06,184 INFO scheduler Scheduled Job Start: frappe.desk.form.document_follow.send_hourly_updates for mygym.com
2024-01-20 00:15:06,396 INFO scheduler Scheduled Job Complete: frappe.desk.form.document_follow.send_hourly_updates for mygym.com
2024-01-20 00:15:06,476 INFO scheduler Scheduled Job Start: frappe.deferred_insert.save_to_db for mygym.com
2024-01-20 00:15:06,721 INFO scheduler Scheduled Job Complete: frappe.deferred_insert.save_to_db for mygym.com
2024-01-20 00:15:06,800 INFO scheduler Scheduled Job Start: frappe.desk.page.backups.backups.delete_downloadable_backups for mygym.com
2024-01-20 00:15:07,013 INFO scheduler Scheduled Job Complete: frappe.desk.page.backups.backups.delete_downloadable_backups for mygym.com
2024-01-20 00:15:07,095 INFO scheduler Scheduled Job Start: frappe.utils.error.collect_error_snapshots for mygym.com
2024-01-20 00:15:07,341 INFO scheduler Scheduled Job Complete: frappe.utils.error.collect_error_snapshots for mygym.com
2024-01-20 00:15:07,410 INFO scheduler Scheduled Job Start: frappe.model.utils.user_settings.sync_user_settings for mygym.com
2024-01-20 00:15:07,586 INFO scheduler Scheduled Job Complete: frappe.model.utils.user_settings.sync_user_settings for mygym.com
2024-01-20 00:15:07,674 INFO scheduler Scheduled Job Start: frappe.model.utils.link_count.update_link_count for mygym.com
2024-01-20 00:15:07,874 INFO scheduler Scheduled Job Complete: frappe.model.utils.link_count.update_link_count for mygym.com
2024-01-20 00:15:07,947 INFO scheduler Scheduled Job Start: frappe.monitor.flush for mygym.com
2024-01-20 00:15:08,064 INFO scheduler Scheduled Job Complete: frappe.monitor.flush for mygym.com
2024-01-20 00:15:08,129 INFO scheduler Scheduled Job Start: frappe.utils.global_search.sync_global_search for mygym.com
2024-01-20 00:15:08,239 INFO scheduler Scheduled Job Complete: frappe.utils.global_search.sync_global_search for mygym.com
2024-01-20 00:15:08,317 INFO scheduler Scheduled Job Start: frappe.integrations.doctype.razorpay_settings.razorpay_settings.capture_payment for mygym.com
2024-01-20 00:15:08,481 INFO scheduler Scheduled Job Complete: frappe.integrations.doctype.razorpay_settings.razorpay_settings.capture_payment for mygym.com
2024-01-20 00:15:08,549 INFO scheduler Scheduled Job Start: frappe.email.doctype.email_account.email_account.notify_unreplied for mygym.com
2024-01-20 00:15:08,712 INFO scheduler Scheduled Job Complete: frappe.email.doctype.email_account.email_account.notify_unreplied for mygym.com
2024-01-20 00:15:08,783 INFO scheduler Scheduled Job Start: frappe.email.doctype.email_account.email_account.pull for mygym.com
2024-01-20 00:15:08,977 INFO scheduler Scheduled Job Complete: frappe.email.doctype.email_account.email_account.pull for mygym.com
2024-01-20 00:15:50,238 INFO scheduler Scheduled Job Start: frappe.email.queue.flush for mygym.com
2024-01-20 00:15:50,364 INFO scheduler Scheduled Job Complete: frappe.email.queue.flush for mygym.com
2024-01-20 00:15:50,429 INFO scheduler Scheduled Job Start: frappe.twofactor.delete_all_barcodes_for_users for mygym.com
2024-01-20 00:15:50,650 INFO scheduler Scheduled Job Complete: frappe.twofactor.delete_all_barcodes_for_users for mygym.com
2024-01-20 00:15:50,721 INFO scheduler Scheduled Job Start: frappe.website.doctype.web_page.web_page.check_publish_status for mygym.com
2024-01-20 00:15:50,956 INFO scheduler Scheduled Job Complete: frappe.website.doctype.web_page.web_page.check_publish_status for mygym.com
2024-01-20 00:15:51,028 INFO scheduler Scheduled Job Start: frappe.oauth.delete_oauth2_data for mygym.com
2024-01-20 00:15:51,227 INFO scheduler Scheduled Job Complete: frappe.oauth.delete_oauth2_data for mygym.com
2024-01-20 00:15:51,426 INFO scheduler Scheduled Job Start: erpnext.stock.doctype.repost_item_valuation.repost_item_valuation.repost_entries for mygym.com
2024-01-20 00:15:51,604 INFO scheduler Scheduled Job Complete: erpnext.stock.doctype.repost_item_valuation.repost_item_valuation.repost_entries for mygym.com
2024-01-20 00:15:51,674 INFO scheduler Scheduled Job Start: erpnext.accounts.doctype.subscription.subscription.process_all for mygym.com
2024-01-20 00:15:51,854 INFO scheduler Scheduled Job Failed: erpnext.accounts.doctype.subscription.subscription.process_all for mygym.com
2024-01-20 00:15:51,932 INFO scheduler Scheduled Job Start: erpnext.crm.doctype.lead.lead.daily_open_lead for mygym.com
2024-01-20 00:15:52,229 INFO scheduler Scheduled Job Complete: erpnext.crm.doctype.lead.lead.daily_open_lead for mygym.com
2024-01-20 00:15:52,300 INFO scheduler Scheduled Job Start: erpnext.loan_management.doctype.process_loan_interest_accrual.process_loan_interest_accrual.process_loan_interest_accrual_for_term_loans for mygym.com
2024-01-20 00:15:52,527 INFO scheduler Scheduled Job Complete: erpnext.loan_management.doctype.process_loan_interest_accrual.process_loan_interest_accrual.process_loan_interest_accrual_for_term_loans for mygym.com
2024-01-20 00:15:52,598 INFO scheduler Scheduled Job Start: erpnext.loan_management.doctype.process_loan_security_shortfall.process_loan_security_shortfall.create_process_loan_security_shortfall for mygym.com
2024-01-20 00:15:52,780 INFO scheduler Scheduled Job Complete: erpnext.loan_management.doctype.process_loan_security_shortfall.process_loan_security_shortfall.create_process_loan_security_shortfall for mygym.com
2024-01-20 00:15:52,852 INFO scheduler Scheduled Job Start: erpnext.hr.utils.allocate_earned_leaves for mygym.com
2024-01-20 00:15:53,086 INFO scheduler Scheduled Job Complete: erpnext.hr.utils.allocate_earned_leaves for mygym.com
2024-01-20 00:15:53,156 INFO scheduler Scheduled Job Start: erpnext.hr.utils.generate_leave_encashment for mygym.com
2024-01-20 00:15:53,346 INFO scheduler Scheduled Job Complete: erpnext.hr.utils.generate_leave_encashment for mygym.com
2024-01-20 00:15:53,416 INFO scheduler Scheduled Job Start: erpnext.hr.doctype.leave_ledger_entry.leave_ledger_entry.process_expired_allocation for mygym.com
2024-01-20 00:15:53,588 INFO scheduler Scheduled Job Complete: erpnext.hr.doctype.leave_ledger_entry.leave_ledger_entry.process_expired_allocation for mygym.com
2024-01-20 00:15:53,661 INFO scheduler Scheduled Job Start: erpnext.manufacturing.doctype.bom_update_tool.bom_update_tool.auto_update_latest_price_in_all_boms for mygym.com
2024-01-20 00:15:53,884 INFO scheduler Scheduled Job Complete: erpnext.manufacturing.doctype.bom_update_tool.bom_update_tool.auto_update_latest_price_in_all_boms for mygym.com
2024-01-20 00:15:53,959 INFO scheduler Scheduled Job Start: erpnext.setup.doctype.email_digest.email_digest.send for mygym.com
2024-01-20 00:15:54,137 INFO scheduler Scheduled Job Complete: erpnext.setup.doctype.email_digest.email_digest.send for mygym.com
2024-01-20 00:15:54,208 INFO scheduler Scheduled Job Start: frappe.integrations.doctype.google_drive.google_drive.daily_backup for mygym.com
2024-01-20 00:15:54,471 INFO scheduler Scheduled Job Complete: frappe.integrations.doctype.google_drive.google_drive.daily_backup for mygym.com
2024-01-20 00:15:54,542 INFO scheduler Scheduled Job Start: frappe.email.doctype.auto_email_report.auto_email_report.send_daily for mygym.com
2024-01-20 00:15:55,019 INFO scheduler Scheduled Job Complete: frappe.email.doctype.auto_email_report.auto_email_report.send_daily for mygym.com
2024-01-20 00:15:55,090 INFO scheduler Scheduled Job Start: frappe.integrations.doctype.s3_backup_settings.s3_backup_settings.take_backups_daily for mygym.com
2024-01-20 00:15:55,327 INFO scheduler Scheduled Job Complete: frappe.integrations.doctype.s3_backup_settings.s3_backup_settings.take_backups_daily for mygym.com
2024-01-20 00:15:55,401 INFO scheduler Scheduled Job Start: frappe.utils.change_log.check_for_update for mygym.com
2024-01-20 00:15:55,980 INFO scheduler Scheduled Job Complete: frappe.utils.change_log.check_for_update for mygym.com
2024-01-20 00:15:56,054 INFO scheduler Scheduled Job Start: frappe.integrations.doctype.dropbox_settings.dropbox_settings.take_backups_daily for mygym.com
2024-01-20 00:15:56,359 INFO scheduler Scheduled Job Complete: frappe.integrations.doctype.dropbox_settings.dropbox_settings.take_backups_daily for mygym.com
2024-01-20 00:16:46,612 INFO scheduler Scheduled Job Start: erpnext.crm.doctype.social_media_post.social_media_post.process_scheduled_social_media_posts for mygym.com
2024-01-20 00:16:46,791 INFO scheduler Scheduled Job Complete: erpnext.crm.doctype.social_media_post.social_media_post.process_scheduled_social_media_posts for mygym.com
2024-01-20 00:16:46,858 INFO scheduler Scheduled Job Start: erpnext.hr.doctype.interview.interview.send_interview_reminder for mygym.com
2024-01-20 00:16:47,005 INFO scheduler Scheduled Job Complete: erpnext.hr.doctype.interview.interview.send_interview_reminder for mygym.com
2024-01-20 00:16:47,071 INFO scheduler Scheduled Job Start: erpnext.healthcare.doctype.patient_appointment.patient_appointment.send_appointment_reminder for mygym.com
2024-01-20 00:16:47,204 INFO scheduler Scheduled Job Complete: erpnext.healthcare.doctype.patient_appointment.patient_appointment.send_appointment_reminder for mygym.com
2024-01-20 00:16:47,271 INFO scheduler Scheduled Job Start: erpnext.projects.doctype.project.project.project_status_update_reminder for mygym.com
2024-01-20 00:16:47,445 INFO scheduler Scheduled Job Complete: erpnext.projects.doctype.project.project.project_status_update_reminder for mygym.com
2024-01-20 00:16:47,518 INFO scheduler Scheduled Job Start: frappe.monitor.flush for mygym.com
2024-01-20 00:16:47,628 INFO scheduler Scheduled Job Complete: frappe.monitor.flush for mygym.com
2024-01-20 00:16:47,720 INFO scheduler Scheduled Job Start: frappe.utils.global_search.sync_global_search for mygym.com
2024-01-20 00:16:47,844 INFO scheduler Scheduled Job Complete: frappe.utils.global_search.sync_global_search for mygym.com
2024-01-20 00:16:47,913 INFO scheduler Scheduled Job Start: frappe.integrations.doctype.razorpay_settings.razorpay_settings.capture_payment for mygym.com
2024-01-20 00:16:48,085 INFO scheduler Scheduled Job Complete: frappe.integrations.doctype.razorpay_settings.razorpay_settings.capture_payment for mygym.com
2024-01-20 00:16:48,150 INFO scheduler Scheduled Job Start: frappe.email.doctype.email_account.email_account.notify_unreplied for mygym.com
2024-01-20 00:16:48,303 INFO scheduler Scheduled Job Complete: frappe.email.doctype.email_account.email_account.notify_unreplied for mygym.com
2024-01-20 00:16:48,367 INFO scheduler Scheduled Job Start: frappe.email.doctype.email_account.email_account.pull for mygym.com
2024-01-20 00:16:48,539 INFO scheduler Scheduled Job Complete: frappe.email.doctype.email_account.email_account.pull for mygym.com
2024-01-20 00:16:53,237 INFO scheduler Scheduled Job Start: frappe.email.queue.flush for mygym.com
2024-01-20 00:16:53,358 INFO scheduler Scheduled Job Complete: frappe.email.queue.flush for mygym.com
2024-01-20 00:20:47,731 INFO scheduler Scheduled Job Start: erpnext.crm.doctype.social_media_post.social_media_post.process_scheduled_social_media_posts for mygym.com
2024-01-20 00:20:48,092 INFO scheduler Scheduled Job Complete: erpnext.crm.doctype.social_media_post.social_media_post.process_scheduled_social_media_posts for mygym.com
2024-01-20 00:20:48,166 INFO scheduler Scheduled Job Start: erpnext.hr.doctype.interview.interview.send_interview_reminder for mygym.com
2024-01-20 00:20:48,332 INFO scheduler Scheduled Job Complete: erpnext.hr.doctype.interview.interview.send_interview_reminder for mygym.com
2024-01-20 00:20:48,409 INFO scheduler Scheduled Job Start: erpnext.healthcare.doctype.patient_appointment.patient_appointment.send_appointment_reminder for mygym.com
2024-01-20 00:20:48,559 INFO scheduler Scheduled Job Complete: erpnext.healthcare.doctype.patient_appointment.patient_appointment.send_appointment_reminder for mygym.com
2024-01-20 00:20:48,637 INFO scheduler Scheduled Job Start: erpnext.projects.doctype.project.project.project_status_update_reminder for mygym.com
2024-01-20 00:20:48,892 INFO scheduler Scheduled Job Complete: erpnext.projects.doctype.project.project.project_status_update_reminder for mygym.com
2024-01-20 00:20:48,966 INFO scheduler Scheduled Job Start: erpnext.manufacturing.doctype.bom_update_log.bom_update_log.resume_bom_cost_update_jobs for mygym.com
2024-01-20 00:20:49,196 INFO scheduler Scheduled Job Complete: erpnext.manufacturing.doctype.bom_update_log.bom_update_log.resume_bom_cost_update_jobs for mygym.com
2024-01-20 00:20:49,276 INFO scheduler Scheduled Job Start: frappe.monitor.flush for mygym.com
2024-01-20 00:20:49,400 INFO scheduler Scheduled Job Complete: frappe.monitor.flush for mygym.com
2024-01-20 00:20:49,478 INFO scheduler Scheduled Job Start: frappe.utils.global_search.sync_global_search for mygym.com
2024-01-20 00:20:49,596 INFO scheduler Scheduled Job Complete: frappe.utils.global_search.sync_global_search for mygym.com
2024-01-20 00:20:49,677 INFO scheduler Scheduled Job Start: frappe.integrations.doctype.razorpay_settings.razorpay_settings.capture_payment for mygym.com
2024-01-20 00:20:49,904 INFO scheduler Scheduled Job Complete: frappe.integrations.doctype.razorpay_settings.razorpay_settings.capture_payment for mygym.com
2024-01-20 00:20:49,977 INFO scheduler Scheduled Job Start: frappe.email.doctype.email_account.email_account.notify_unreplied for mygym.com
2024-01-20 00:20:50,170 INFO scheduler Scheduled Job Complete: frappe.email.doctype.email_account.email_account.notify_unreplied for mygym.com
2024-01-20 00:20:50,253 INFO scheduler Scheduled Job Start: frappe.email.doctype.email_account.email_account.pull for mygym.com
2024-01-20 00:20:50,471 INFO scheduler Scheduled Job Complete: frappe.email.doctype.email_account.email_account.pull for mygym.com
2024-01-20 00:20:54,224 INFO scheduler Scheduled Job Start: frappe.email.queue.flush for mygym.com
2024-01-20 00:20:54,364 INFO scheduler Scheduled Job Complete: frappe.email.queue.flush for mygym.com
2024-01-20 00:24:49,009 INFO scheduler Scheduled Job Start: erpnext.crm.doctype.social_media_post.social_media_post.process_scheduled_social_media_posts for mygym.com
2024-01-20 00:24:49,337 INFO scheduler Scheduled Job Complete: erpnext.crm.doctype.social_media_post.social_media_post.process_scheduled_social_media_posts for mygym.com
2024-01-20 00:24:49,424 INFO scheduler Scheduled Job Start: erpnext.hr.doctype.interview.interview.send_interview_reminder for mygym.com
2024-01-20 00:24:49,617 INFO scheduler Scheduled Job Complete: erpnext.hr.doctype.interview.interview.send_interview_reminder for mygym.com
2024-01-20 00:24:49,705 INFO scheduler Scheduled Job Start: erpnext.healthcare.doctype.patient_appointment.patient_appointment.send_appointment_reminder for mygym.com
2024-01-20 00:24:49,872 INFO scheduler Scheduled Job Complete: erpnext.healthcare.doctype.patient_appointment.patient_appointment.send_appointment_reminder for mygym.com
2024-01-20 00:24:49,953 INFO scheduler Scheduled Job Start: erpnext.projects.doctype.project.project.project_status_update_reminder for mygym.com
2024-01-20 00:24:50,265 INFO scheduler Scheduled Job Complete: erpnext.projects.doctype.project.project.project_status_update_reminder for mygym.com
2024-01-20 00:24:50,354 INFO scheduler Scheduled Job Start: frappe.monitor.flush for mygym.com
2024-01-20 00:24:50,494 INFO scheduler Scheduled Job Complete: frappe.monitor.flush for mygym.com
2024-01-20 00:24:50,574 INFO scheduler Scheduled Job Start: frappe.utils.global_search.sync_global_search for mygym.com
2024-01-20 00:24:50,708 INFO scheduler Scheduled Job Complete: frappe.utils.global_search.sync_global_search for mygym.com
2024-01-20 00:24:50,789 INFO scheduler Scheduled Job Start: frappe.integrations.doctype.razorpay_settings.razorpay_settings.capture_payment for mygym.com
2024-01-20 00:24:51,049 INFO scheduler Scheduled Job Complete: frappe.integrations.doctype.razorpay_settings.razorpay_settings.capture_payment for mygym.com
2024-01-20 00:24:51,135 INFO scheduler Scheduled Job Start: frappe.email.doctype.email_account.email_account.notify_unreplied for mygym.com
2024-01-20 00:24:51,358 INFO scheduler Scheduled Job Complete: frappe.email.doctype.email_account.email_account.notify_unreplied for mygym.com
2024-01-20 00:24:51,440 INFO scheduler Scheduled Job Start: frappe.email.doctype.email_account.email_account.pull for mygym.com
2024-01-20 00:24:51,670 INFO scheduler Scheduled Job Complete: frappe.email.doctype.email_account.email_account.pull for mygym.com
2024-01-20 00:24:56,677 INFO scheduler Scheduled Job Start: frappe.email.queue.flush for mygym.com
2024-01-20 00:24:56,908 INFO scheduler Scheduled Job Complete: frappe.email.queue.flush for mygym.com
2024-01-20 00:25:49,391 INFO scheduler Scheduled Job Start: erpnext.manufacturing.doctype.bom_update_log.bom_update_log.resume_bom_cost_update_jobs for mygym.com
2024-01-20 00:25:49,807 INFO scheduler Scheduled Job Complete: erpnext.manufacturing.doctype.bom_update_log.bom_update_log.resume_bom_cost_update_jobs for mygym.com
